{
  "0 debug pnpm:scope": {
    "selected": 1
  },
  "1 debug pnpm:package-manifest": {
    "initial": {
      "name": "~TODO~",
      "version": "0.0.1",
      "scripts": {
        "dev": "svelte-kit dev",
        "build": "svelte-kit build",
        "preview": "svelte-kit preview"
      },
      "devDependencies": {
        "@sveltejs/kit": "next",
        "svelte": "^3.34.0"
      },
      "type": "module"
    },
    "prefix": "/Users/gilbert/Code/regieki/regieki-docs"
  },
  "2 debug pnpm:context": {
    "currentLockfileExists": false,
    "storeDir": "/Users/gilbert/.pnpm-store/v3",
    "virtualStoreDir": "/Users/gilbert/Code/regieki/regieki-docs/node_modules/.pnpm"
  },
  "3 debug pnpm:stage": {
    "prefix": "/Users/gilbert/Code/regieki/regieki-docs",
    "stage": "resolution_started"
  },
  "4 debug pnpm:_dependency_resolved": {
    "resolution": "registry.npmjs.org/svelte/3.38.2",
    "wanted": {
      "dependentId": ".",
      "name": "svelte",
      "rawSpec": "^3.34.0"
    }
  },
  "5 debug pnpm:progress": {
    "packageId": "registry.npmjs.org/svelte/3.38.2",
    "requester": "/Users/gilbert/Code/regieki/regieki-docs",
    "status": "resolved"
  },
  "6 debug pnpm:_dependency_resolved": {
    "resolution": "registry.npmjs.org/@sveltejs/kit/1.0.0-next.109",
    "wanted": {
      "dependentId": ".",
      "name": "@sveltejs/kit",
      "rawSpec": "next"
    }
  },
  "7 warn pnpm:install-check": {
    "message": "Unsupported engine for registry.npmjs.org/@sveltejs/kit/1.0.0-next.109: wanted: {\"node\":\"^12.20 || ^14.13.1 || >= 16\"} (current: {\"node\":\"v15.3.0\",\"pnpm\":\"6.3.0\"})",
    "prefix": "/Users/gilbert/Code/regieki/regieki-docs"
  },
  "8 error pnpm": {
    "code": "ERR_PNPM_UNSUPPORTED_ENGINE",
    "packageId": "registry.npmjs.org/@sveltejs/kit/1.0.0-next.109",
    "wanted": {
      "node": "^12.20 || ^14.13.1 || >= 16"
    },
    "current": {
      "node": "v15.3.0",
      "pnpm": "6.3.0"
    },
    "err": {
      "name": "Error",
      "message": "Unsupported engine for registry.npmjs.org/@sveltejs/kit/1.0.0-next.109: wanted: {\"node\":\"^12.20 || ^14.13.1 || >= 16\"} (current: {\"node\":\"v15.3.0\",\"pnpm\":\"6.3.0\"})",
      "code": "ERR_PNPM_UNSUPPORTED_ENGINE",
      "stack": "Error: Unsupported engine for registry.npmjs.org/@sveltejs/kit/1.0.0-next.109: wanted: {\"node\":\"^12.20 || ^14.13.1 || >= 16\"} (current: {\"node\":\"v15.3.0\",\"pnpm\":\"6.3.0\"})\n    at Object.checkEngine [as default] (/Users/gilbert/.nvm/versions/node/v15.3.0/lib/node_modules/pnpm/dist/pnpm.cjs:38449:14)\n    at checkPackage (/Users/gilbert/.nvm/versions/node/v15.3.0/lib/node_modules/pnpm/dist/pnpm.cjs:38589:97)\n    at Object.packageIsInstallable [as default] (/Users/gilbert/.nvm/versions/node/v15.3.0/lib/node_modules/pnpm/dist/pnpm.cjs:38559:18)\n    at resolveDependency (/Users/gilbert/.nvm/versions/node/v15.3.0/lib/node_modules/pnpm/dist/pnpm.cjs:106490:79)\n    at processTicksAndRejections (node:internal/process/task_queues:93:5)\n    at async resolveDependenciesOfDependency (/Users/gilbert/.nvm/versions/node/v15.3.0/lib/node_modules/pnpm/dist/pnpm.cjs:106214:37)\n    at async Promise.all (index 0)\n    at async Object.resolveDependencies [as default] (/Users/gilbert/.nvm/versions/node/v15.3.0/lib/node_modules/pnpm/dist/pnpm.cjs:106184:27)\n    at async /Users/gilbert/.nvm/versions/node/v15.3.0/lib/node_modules/pnpm/dist/pnpm.cjs:106727:45\n    at async Promise.all (index 0)"
    }
  }
}